c:\unity\test\computer-graphics\hellogl\hellogl\x64\debug\vc141.pdb
c:\unity\test\computer-graphics\hellogl\hellogl\x64\debug\vc141.idb
c:\unity\test\computer-graphics\hellogl\hellogl\x64\debug\staticobj.obj
c:\unity\test\computer-graphics\hellogl\hellogl\x64\debug\player.obj
c:\unity\test\computer-graphics\hellogl\hellogl\x64\debug\myglfunction.obj
c:\unity\test\computer-graphics\hellogl\hellogl\x64\debug\moveobj.obj
c:\unity\test\computer-graphics\hellogl\hellogl\x64\debug\hellogl.obj
c:\unity\test\computer-graphics\hellogl\hellogl\x64\debug\gameobject.obj
c:\unity\test\computer-graphics\hellogl\hellogl\x64\debug\enemy.obj
c:\unity\test\computer-graphics\hellogl\bin\x64\hellogl.ilk
c:\unity\test\computer-graphics\hellogl\bin\x64\hellogl.exe
c:\unity\test\computer-graphics\hellogl\bin\x64\hellogl.pdb
c:\unity\test\computer-graphics\hellogl\\bin\x64\hellogl.pdb
c:\unity\test\computer-graphics\hellogl\\bin\x64\hellogl.exe
c:\unity\test\computer-graphics\hellogl\\bin\x64\hellogl.ilk
c:\unity\test\computer-graphics\hellogl\hellogl\x64\debug\hellogl.tlog\cl.command.1.tlog
c:\unity\test\computer-graphics\hellogl\hellogl\x64\debug\hellogl.tlog\cl.read.1.tlog
c:\unity\test\computer-graphics\hellogl\hellogl\x64\debug\hellogl.tlog\cl.write.1.tlog
c:\unity\test\computer-graphics\hellogl\hellogl\x64\debug\hellogl.tlog\link.command.1.tlog
c:\unity\test\computer-graphics\hellogl\hellogl\x64\debug\hellogl.tlog\link.read.1.tlog
c:\unity\test\computer-graphics\hellogl\hellogl\x64\debug\hellogl.tlog\link.write.1.tlog
